#
# There is insufficient memory for the Java Runtime Environment to continue.
# Native memory allocation (mmap) failed to map 262144000 bytes for G1 virtual space
# Possible reasons:
#   The system is out of physical RAM or swap space
#   The process is running with CompressedOops enabled, and the Java Heap may be blocking the growth of the native heap
# Possible solutions:
#   Reduce memory load on the system
#   Increase physical memory or swap space
#   Check if swap backing store is full
#   Decrease Java heap size (-Xmx/-Xms)
#   Decrease number of Java threads
#   Decrease Java thread stack sizes (-Xss)
#   Set larger code cache with -XX:ReservedCodeCacheSize=
#   JVM is running with Zero Based Compressed Oops mode in which the Java heap is
#     placed in the first 32GB address space. The Java Heap base address is the
#     maximum limit for the native heap growth. Please use -XX:HeapBaseMinAddress
#     to set the Java Heap base and to place the Java Heap above 32GB virtual address.
# This output file may be truncated or incomplete.
#
#  Out of Memory Error (os_windows.cpp:3825), pid=23132, tid=10720
#
# JRE version:  (17.0.9+7) (build )
# Java VM: OpenJDK 64-Bit Server VM (17.0.9+7-b1087.9, mixed mode, sharing, tiered, compressed oops, compressed class ptrs, g1 gc, windows-amd64)
# No core dump will be written. Minidumps are not enabled by default on client versions of Windows
#

---------------  S U M M A R Y ------------

Command Line: git4idea.http.GitAskPassApp Username for 'https://github.com': 

Host: 13th Gen Intel(R) Core(TM) i7-1360P, 16 cores, 15G,  Windows 11 , 64 bit Build 22621 (10.0.22621.5262)
Time: Thu Jun  5 23:13:48 2025  Windows 11 , 64 bit Build 22621 (10.0.22621.5262) elapsed time: 0.014837 seconds (0d 0h 0m 0s)

---------------  T H R E A D  ---------------

Current thread (0x00000295ae23d560):  JavaThread "Unknown thread" [_thread_in_vm, id=10720, stack(0x000000dc05b00000,0x000000dc05c00000)]

Stack: [0x000000dc05b00000,0x000000dc05c00000]
Native frames: (J=compiled Java code, j=interpreted, Vv=VM code, C=native code)
V  [jvm.dll+0x688349]
V  [jvm.dll+0x841bfa]
V  [jvm.dll+0x84383e]
V  [jvm.dll+0x843ea3]
V  [jvm.dll+0x24bdef]
V  [jvm.dll+0x6850f9]
V  [jvm.dll+0x67988a]
V  [jvm.dll+0x30cbfb]
V  [jvm.dll+0x3140a6]
V  [jvm.dll+0x363ede]
V  [jvm.dll+0x36410f]
V  [jvm.dll+0x2e29c8]
V  [jvm.dll+0x2e3934]
V  [jvm.dll+0x812771]
V  [jvm.dll+0x371d41]
V  [jvm.dll+0x7f12bc]
V  [jvm.dll+0x3f59cf]
V  [jvm.dll+0x3f7601]
C  [jli.dll+0x528f]
C  [ucrtbase.dll+0x29333]
C  [KERNEL32.DLL+0x1259d]
C  [ntdll.dll+0x5af58]


---------------  P R O C E S S  ---------------

Threads class SMR info:
_java_thread_list=0x00007ff98732df18, length=0, elements={
}

Java Threads: ( => current thread )

Other Threads:
  0x00000295ae2a9be0 GCTaskThread "GC Thread#0" [stack: 0x000000dc05c00000,0x000000dc05d00000] [id=7268]
  0x00000295ae2ba350 ConcurrentGCThread "G1 Main Marker" [stack: 0x000000dc05d00000,0x000000dc05e00000] [id=24928]
  0x00000295ae2bac80 ConcurrentGCThread "G1 Conc#0" [stack: 0x000000dc05e00000,0x000000dc05f00000] [id=22668]

[error occurred during error reporting (printing all threads), id 0xc0000005, EXCEPTION_ACCESS_VIOLATION (0xc0000005) at pc=0x00007ff986ae3597]

VM state: not at safepoint (not fully initialized)

VM Mutex/Monitor currently owned by a thread:  ([mutex/lock_event])
[0x00000295ae236e90] Heap_lock - owner thread: 0x00000295ae23d560

Heap address: 0x0000000706e00000, size: 3986 MB, Compressed Oops mode: Zero based, Oop shift amount: 3

CDS archive(s) mapped at: [0x0000000000000000-0x0000000000000000-0x0000000000000000), size 0, SharedBaseAddress: 0x0000000800000000, ArchiveRelocationMode: 1.
Narrow klass base: 0x0000000000000000, Narrow klass shift: 0, Narrow klass range: 0x0

GC Precious Log:
<Empty>

Heap:
 garbage-first heap   total 0K, used 0K [0x0000000706e00000, 0x0000000800000000)
  region size 2048K, 0 young (0K), 0 survivors (0K)
 Metaspace       used 0K, committed 0K, reserved 0K
  class space    used 0K, committed 0K, reserved 0K

Heap Regions: E=young(eden), S=young(survivor), O=old, HS=humongous(starts), HC=humongous(continues), CS=collection set, F=free, OA=open archive, CA=closed archive, TAMS=top-at-mark-start (previous, next)

Card table byte_map: [0x00000295c1a00000,0x00000295c21d0000] _byte_map_base: 0x00000295be1c9000

Marking Bits (Prev, Next): (CMBitMap*) 0x00000295ae2aa110, (CMBitMap*) 0x00000295ae2aa150
 Prev Bits: [0x00000295c29a0000, 0x00000295c67e8000)
 Next Bits: [0x00000295c67f0000, 0x00000295ca638000)

GC Heap History (0 events):
No events

Dll operation events (1 events):
Event: 0.011 Loaded shared library C:\Program Files\JetBrains\IntelliJ IDEA Community Edition 2023.3.2\jbr\bin\java.dll

Deoptimization events (0 events):
No events

Classes unloaded (0 events):
No events

Classes redefined (0 events):
No events

Internal exceptions (0 events):
No events

VM Operations (0 events):
No events

Events (0 events):
No events


Dynamic libraries:
0x00007ff68b4a0000 - 0x00007ff68b4aa000 	C:\Program Files\JetBrains\IntelliJ IDEA Community Edition 2023.3.2\jbr\bin\java.exe
0x00007ff9e26f0000 - 0x00007ff9e2907000 	C:\windows\SYSTEM32\ntdll.dll
0x00007ff9e1f30000 - 0x00007ff9e1ff4000 	C:\windows\System32\KERNEL32.DLL
0x00007ff9dfb30000 - 0x00007ff9dff03000 	C:\windows\System32\KERNELBASE.dll
0x00007ff9e0170000 - 0x00007ff9e0281000 	C:\windows\System32\ucrtbase.dll
0x00007ff9d31d0000 - 0x00007ff9d31e7000 	C:\Program Files\JetBrains\IntelliJ IDEA Community Edition 2023.3.2\jbr\bin\jli.dll
0x00007ff9c7270000 - 0x00007ff9c728b000 	C:\Program Files\JetBrains\IntelliJ IDEA Community Edition 2023.3.2\jbr\bin\VCRUNTIME140.dll
0x00007ff9e1d20000 - 0x00007ff9e1ed1000 	C:\windows\System32\USER32.dll
0x00007ff9e0290000 - 0x00007ff9e02b6000 	C:\windows\System32\win32u.dll
0x00007ff9c5250000 - 0x00007ff9c54eb000 	C:\windows\WinSxS\amd64_microsoft.windows.common-controls_6595b64144ccf1df_6.0.22621.5262_none_2712bde373830908\COMCTL32.dll
0x00007ff9e17d0000 - 0x00007ff9e17f9000 	C:\windows\System32\GDI32.dll
0x00007ff9e1720000 - 0x00007ff9e17c7000 	C:\windows\System32\msvcrt.dll
0x00007ff9dffc0000 - 0x00007ff9e00e2000 	C:\windows\System32\gdi32full.dll
0x00007ff9df7e0000 - 0x00007ff9df87a000 	C:\windows\System32\msvcp_win.dll
0x00007ff9e2110000 - 0x00007ff9e2141000 	C:\windows\System32\IMM32.DLL
0x00007ff9d31c0000 - 0x00007ff9d31cc000 	C:\Program Files\JetBrains\IntelliJ IDEA Community Edition 2023.3.2\jbr\bin\vcruntime140_1.dll
0x00007ff99e930000 - 0x00007ff99e9bd000 	C:\Program Files\JetBrains\IntelliJ IDEA Community Edition 2023.3.2\jbr\bin\msvcp140.dll
0x00007ff9867f0000 - 0x00007ff987472000 	C:\Program Files\JetBrains\IntelliJ IDEA Community Edition 2023.3.2\jbr\bin\server\jvm.dll
0x00007ff9e0dc0000 - 0x00007ff9e0e71000 	C:\windows\System32\ADVAPI32.dll
0x00007ff9e0380000 - 0x00007ff9e0427000 	C:\windows\System32\sechost.dll
0x00007ff9dff10000 - 0x00007ff9dff38000 	C:\windows\System32\bcrypt.dll
0x00007ff9e0b30000 - 0x00007ff9e0c44000 	C:\windows\System32\RPCRT4.dll
0x00007ff9bf930000 - 0x00007ff9bf939000 	C:\windows\SYSTEM32\WSOCK32.dll
0x00007ff9de650000 - 0x00007ff9de69d000 	C:\windows\SYSTEM32\POWRPROF.dll
0x00007ff9d8c70000 - 0x00007ff9d8ca4000 	C:\windows\SYSTEM32\WINMM.dll
0x00007ff9e25b0000 - 0x00007ff9e2621000 	C:\windows\System32\WS2_32.dll
0x00007ff9d5520000 - 0x00007ff9d552a000 	C:\windows\SYSTEM32\VERSION.dll
0x00007ff9de630000 - 0x00007ff9de643000 	C:\windows\SYSTEM32\UMPDC.dll
0x00007ff9de910000 - 0x00007ff9de928000 	C:\windows\SYSTEM32\kernel.appcore.dll
0x00007ff9da4d0000 - 0x00007ff9da4da000 	C:\Program Files\JetBrains\IntelliJ IDEA Community Edition 2023.3.2\jbr\bin\jimage.dll
0x00007ff9dc9b0000 - 0x00007ff9dcbe2000 	C:\windows\SYSTEM32\DBGHELP.DLL
0x00007ff9e1870000 - 0x00007ff9e1c03000 	C:\windows\System32\combase.dll
0x00007ff9e23b0000 - 0x00007ff9e2487000 	C:\windows\System32\OLEAUT32.dll
0x00007ff9d4ed0000 - 0x00007ff9d4f02000 	C:\windows\SYSTEM32\dbgcore.DLL
0x00007ff9dff40000 - 0x00007ff9dffbb000 	C:\windows\System32\bcryptPrimitives.dll
0x00007ff9d3880000 - 0x00007ff9d38a5000 	C:\Program Files\JetBrains\IntelliJ IDEA Community Edition 2023.3.2\jbr\bin\java.dll

dbghelp: loaded successfully - version: 4.0.5 - missing functions: none
symbol engine: initialized successfully - sym options: 0x614 - pdb path: .;C:\Program Files\JetBrains\IntelliJ IDEA Community Edition 2023.3.2\jbr\bin;C:\windows\SYSTEM32;C:\windows\WinSxS\amd64_microsoft.windows.common-controls_6595b64144ccf1df_6.0.22621.5262_none_2712bde373830908;C:\Program Files\JetBrains\IntelliJ IDEA Community Edition 2023.3.2\jbr\bin\server

VM Arguments:
java_command: git4idea.http.GitAskPassApp Username for 'https://github.com': 
java_class_path (initial): C:/Program Files/JetBrains/IntelliJ IDEA Community Edition 2023.3.2/plugins/vcs-git/lib/git4idea-rt.jar;C:/Program Files/JetBrains/IntelliJ IDEA Community Edition 2023.3.2/lib/externalProcess-rt.jar
Launcher Type: SUN_STANDARD

[Global flags]
     intx CICompilerCount                          = 12                                        {product} {ergonomic}
     uint ConcGCThreads                            = 3                                         {product} {ergonomic}
     uint G1ConcRefinementThreads                  = 13                                        {product} {ergonomic}
   size_t G1HeapRegionSize                         = 2097152                                   {product} {ergonomic}
    uintx GCDrainStackTargetSize                   = 64                                        {product} {ergonomic}
   size_t InitialHeapSize                          = 262144000                                 {product} {ergonomic}
   size_t MarkStackSize                            = 4194304                                   {product} {ergonomic}
   size_t MaxHeapSize                              = 4179623936                                {product} {ergonomic}
   size_t MinHeapDeltaBytes                        = 2097152                                   {product} {ergonomic}
   size_t MinHeapSize                              = 8388608                                   {product} {ergonomic}
    uintx NonNMethodCodeHeapSize                   = 7602480                                {pd product} {ergonomic}
    uintx NonProfiledCodeHeapSize                  = 122027880                              {pd product} {ergonomic}
    uintx ProfiledCodeHeapSize                     = 122027880                              {pd product} {ergonomic}
    uintx ReservedCodeCacheSize                    = 251658240                              {pd product} {ergonomic}
     bool SegmentedCodeCache                       = true                                      {product} {ergonomic}
   size_t SoftMaxHeapSize                          = 4179623936                             {manageable} {ergonomic}
     bool UseCompressedClassPointers               = true                           {product lp64_product} {ergonomic}
     bool UseCompressedOops                        = true                           {product lp64_product} {ergonomic}
     bool UseG1GC                                  = true                                      {product} {ergonomic}
     bool UseLargePagesIndividualAllocation        = false                                  {pd product} {ergonomic}

Logging:
Log output configuration:
 #0: stdout all=warning uptime,level,tags
 #1: stderr all=off uptime,level,tags

Environment Variables:
JAVA_HOME=C:\Program Files\Java\jdk-11
PATH=C:\Program Files\Git\mingw64\libexec\git-core;C:\Program Files\Git\mingw64\libexec\git-core;C:\Program Files\Git\mingw64\bin;C:\Program Files\Git\usr\bin;C:\Users\ansgy\bin;C:\db_oracle\oracle\bin;C:\Program Files\Java\jdk-11\bin;C:\Program Files\Common Files\Oracle\Java\javapath;C:\windows\system32;C:\windows;C:\windows\System32\Wbem;C:\windows\System32\WindowsPowerShell\v1.0;C:\windows\System32\OpenSSH;C:\Program Files\Git\cmd;C:\Program Files\PuTTY;C:\Users\ansgy\AppData\Local\Programs\Python\Python312\Scripts;C:\Users\ansgy\AppData\Local\Programs\Python\Python312;C:\Program Files\MySQL\MySQL Shell 8.0\bin;C:\Users\ansgy\AppData\Local\Microsoft\WindowsApps;C:\Program Files\JetBrains\IntelliJ IDEA 2023.2.2\bin;C:\Users\ansgy\AppData\Local\Programs\Microsoft VS Code\bin;C:\Program Files\JetBrains\IntelliJ IDEA Community Edition 2023.3.2\bin
USERNAME=ansgy
DISPLAY=:0.0
LC_ALL=en_US.UTF-8
TERM=xterm-256color
TMPDIR=C:\Users\ansgy\AppData\Local\Temp
OS=Windows_NT
PROCESSOR_IDENTIFIER=Intel64 Family 6 Model 186 Stepping 2, GenuineIntel
TMP=C:\Users\ansgy\AppData\Local\Temp
TEMP=C:\Users\ansgy\AppData\Local\Temp



Periodic native trim disabled

JNI global refs:
JNI global refs: 0, weak refs: 0

JNI global refs memory usage: 0, weak refs: 0

OOME stack traces (most recent first):
Classloader memory used:


---------------  S Y S T E M  ---------------

OS:
 Windows 11 , 64 bit Build 22621 (10.0.22621.5262)
OS uptime: 1 days 23:18 hours
Hyper-V role detected

CPU: total 16 (initial active 16) (8 cores per cpu, 2 threads per core) family 6 model 186 stepping 2 microcode 0x410e, cx8, cmov, fxsr, ht, mmx, 3dnowpref, sse, sse2, sse3, ssse3, sse4.1, sse4.2, popcnt, lzcnt, tsc, tscinvbit, avx, avx2, aes, erms, clmul, bmi1, bmi2, adx, sha, fma, vzeroupper, clflush, clflushopt, clwb, hv
Processor Information for processor 0
  Max Mhz: 2200, Current Mhz: 2200, Mhz Limit: 2200
Processor Information for processor 1
  Max Mhz: 2200, Current Mhz: 1466, Mhz Limit: 2200
Processor Information for processor 2
  Max Mhz: 2200, Current Mhz: 1466, Mhz Limit: 2200
Processor Information for processor 3
  Max Mhz: 2200, Current Mhz: 2200, Mhz Limit: 2200
Processor Information for processor 4
  Max Mhz: 2200, Current Mhz: 1466, Mhz Limit: 2200
Processor Information for processor 5
  Max Mhz: 2200, Current Mhz: 2200, Mhz Limit: 2200
Processor Information for processor 6
  Max Mhz: 2200, Current Mhz: 1466, Mhz Limit: 2200
Processor Information for processor 7
  Max Mhz: 2200, Current Mhz: 2200, Mhz Limit: 2200
Processor Information for processor 8
  Max Mhz: 2200, Current Mhz: 1500, Mhz Limit: 1584
Processor Information for processor 9
  Max Mhz: 2200, Current Mhz: 1500, Mhz Limit: 1584
Processor Information for processor 10
  Max Mhz: 2200, Current Mhz: 1500, Mhz Limit: 1584
Processor Information for processor 11
  Max Mhz: 2200, Current Mhz: 1500, Mhz Limit: 1584
Processor Information for processor 12
  Max Mhz: 2200, Current Mhz: 1500, Mhz Limit: 1584
Processor Information for processor 13
  Max Mhz: 2200, Current Mhz: 1500, Mhz Limit: 1584
Processor Information for processor 14
  Max Mhz: 2200, Current Mhz: 1500, Mhz Limit: 1584
Processor Information for processor 15
  Max Mhz: 2200, Current Mhz: 1500, Mhz Limit: 1584

Memory: 4k page, system-wide physical 15943M (4232M free)
TotalPageFile size 18830M (AvailPageFile size 198M)
current process WorkingSet (physical memory assigned to process): 11M, peak: 11M
current process commit charge ("private bytes"): 71M, peak: 321M

vm_info: OpenJDK 64-Bit Server VM (17.0.9+7-b1087.9) for windows-amd64 JRE (17.0.9+7-b1087.9), built on 2023-12-05 by "builduser" with MS VC++ 16.10 / 16.11 (VS2019)

END.
